[debug] [2025-07-18T16:42:14.117Z] ----------------------------------------------------------------------
[debug] [2025-07-18T16:42:14.123Z] Command:       /Users/gilberto.silva/.nvm/versions/node/v22.14.0/bin/node /Users/gilberto.silva/.nvm/versions/node/v22.14.0/bin/firebase appdistribution:distribute build/app/outputs/flutter-apk/app-release.apk --app 1:733461658307:android:7bcbec2e0928eb28884076 --groups testers --release-notes Primeiro teste automático - Version: [INFO] Current version: 1.0.0+3
[INFO] New version: 1.0.1+4
[SUCCESS] Version updated to 1.0.1+4
1.0.1+4
[debug] [2025-07-18T16:42:14.123Z] CLI Version:   14.10.1
[debug] [2025-07-18T16:42:14.123Z] Platform:      darwin
[debug] [2025-07-18T16:42:14.124Z] Node Version:  v22.14.0
[debug] [2025-07-18T16:42:14.124Z] Time:          Fri Jul 18 2025 13:42:14 GMT-0300 (Brasilia Standard Time)
[debug] [2025-07-18T16:42:14.124Z] ----------------------------------------------------------------------
[debug] 
[debug] [2025-07-18T16:42:14.277Z] Object "" in "firebase.json" has unknown property: {"additionalProperty":"appDistribution"}
[debug] [2025-07-18T16:42:14.280Z] > command requires scopes: ["email","openid","https://www.googleapis.com/auth/cloudplatformprojects.readonly","https://www.googleapis.com/auth/firebase","https://www.googleapis.com/auth/cloud-platform"]
[debug] [2025-07-18T16:42:14.280Z] > authorizing via signed-in user (gilbertohnrq@gmail.com)
[info] i  uploading binary... 
[debug] [2025-07-18T16:42:14.282Z] Checked if tokens are valid: false, expires at: 1752842088284
[debug] [2025-07-18T16:42:14.283Z] Checked if tokens are valid: false, expires at: 1752842088284
[debug] [2025-07-18T16:42:14.283Z] > refreshing access token with scopes: []
[debug] [2025-07-18T16:42:14.284Z] >>> [apiv2][query] POST https://www.googleapis.com/oauth2/v3/token [none]
[debug] [2025-07-18T16:42:14.284Z] >>> [apiv2][body] POST https://www.googleapis.com/oauth2/v3/token [omitted]
[debug] [2025-07-18T16:42:14.710Z] <<< [apiv2][status] POST https://www.googleapis.com/oauth2/v3/token 200
[debug] [2025-07-18T16:42:14.710Z] <<< [apiv2][body] POST https://www.googleapis.com/oauth2/v3/token [omitted]
[debug] [2025-07-18T16:42:14.729Z] >>> [apiv2][query] POST https://firebaseappdistribution.googleapis.com/upload/v1/projects/733461658307/apps/1:733461658307:android:7bcbec2e0928eb28884076/releases:upload [none]
[debug] [2025-07-18T16:42:14.729Z] >>> [apiv2][body] POST https://firebaseappdistribution.googleapis.com/upload/v1/projects/733461658307/apps/1:733461658307:android:7bcbec2e0928eb28884076/releases:upload [stream]
[debug] [2025-07-18T16:42:23.682Z] <<< [apiv2][status] POST https://firebaseappdistribution.googleapis.com/upload/v1/projects/733461658307/apps/1:733461658307:android:7bcbec2e0928eb28884076/releases:upload 200
[debug] [2025-07-18T16:42:23.683Z] <<< [apiv2][body] POST https://firebaseappdistribution.googleapis.com/upload/v1/projects/733461658307/apps/1:733461658307:android:7bcbec2e0928eb28884076/releases:upload {"name":"projects/733461658307/apps/1:733461658307:android:7bcbec2e0928eb28884076/releases/-/operations/e0aa1531285ebc67b91c2a1f35abac463c28dee51a54446f00e5e6880556bc09"}
[debug] [2025-07-18T16:42:23.685Z] Checked if tokens are valid: true, expires at: 1752860533711
[debug] [2025-07-18T16:42:23.685Z] Checked if tokens are valid: true, expires at: 1752860533711
[debug] [2025-07-18T16:42:23.685Z] >>> [apiv2][query] GET https://firebaseappdistribution.googleapis.com/v1/projects/733461658307/apps/1:733461658307:android:7bcbec2e0928eb28884076/releases/-/operations/e0aa1531285ebc67b91c2a1f35abac463c28dee51a54446f00e5e6880556bc09 [none]
[debug] [2025-07-18T16:42:24.647Z] <<< [apiv2][status] GET https://firebaseappdistribution.googleapis.com/v1/projects/733461658307/apps/1:733461658307:android:7bcbec2e0928eb28884076/releases/-/operations/e0aa1531285ebc67b91c2a1f35abac463c28dee51a54446f00e5e6880556bc09 200
[debug] [2025-07-18T16:42:24.648Z] <<< [apiv2][body] GET https://firebaseappdistribution.googleapis.com/v1/projects/733461658307/apps/1:733461658307:android:7bcbec2e0928eb28884076/releases/-/operations/e0aa1531285ebc67b91c2a1f35abac463c28dee51a54446f00e5e6880556bc09 {"name":"projects/733461658307/apps/1:733461658307:android:7bcbec2e0928eb28884076/releases/-/operations/e0aa1531285ebc67b91c2a1f35abac463c28dee51a54446f00e5e6880556bc09"}
